8282136 [HikariPool-1 housekeeper] WARN  com.zaxxer.hikari.pool.HikariPool – HikariPool-1 - Thread starvation or clock leap detected (housekeeper delta=2m19s540ms88µs400ns).
2005 [main] INFO  com.bookstore.BookstoreApplication – Starting BookstoreApplication using Java 15.0.2 on LAPTOP-IHDB0OUN with PID 6804 (C:\Users\User\IdeaProjects\CourseWorkBookStore\build\classes\java\main started by User in C:\Users\User\IdeaProjects\CourseWorkBookStore)
2005 [main] INFO  com.bookstore.BookstoreApplication – No active profile set, falling back to default profiles: default
2049 [background-preinit] INFO  o.h.validator.internal.util.Version – HV000001: Hibernate Validator 6.1.7.Final
3978 [main] INFO  o.s.d.r.c.RepositoryConfigurationDelegate – Bootstrapping Spring Data JPA repositories in DEFAULT mode.
4215 [main] INFO  o.s.d.r.c.RepositoryConfigurationDelegate – Finished Spring Data repository scanning in 210 ms. Found 3 JPA repository interfaces.
5489 [main] INFO  o.s.b.w.e.tomcat.TomcatWebServer – Tomcat initialized with port(s): 8080 (http)
5505 [main] INFO  o.a.coyote.http11.Http11NioProtocol – Initializing ProtocolHandler ["http-nio-8080"]
5505 [main] INFO  o.a.catalina.core.StandardService – Starting service [Tomcat]
5505 [main] INFO  o.a.catalina.core.StandardEngine – Starting Servlet engine: [Apache Tomcat/9.0.44]
5726 [main] INFO  o.a.c.c.C.[Tomcat].[localhost].[/] – Initializing Spring embedded WebApplicationContext
5726 [main] INFO  o.s.b.w.s.c.ServletWebServerApplicationContext – Root WebApplicationContext: initialization completed in 3619 ms
6036 [main] INFO  o.h.jpa.internal.util.LogHelper – HHH000204: Processing PersistenceUnitInfo [name: default]
6143 [main] INFO  org.hibernate.Version – HHH000412: Hibernate ORM core version 5.4.29.Final
6398 [main] INFO  o.h.annotations.common.Version – HCANN000001: Hibernate Commons Annotations {5.1.2.Final}
6598 [main] INFO  com.zaxxer.hikari.HikariDataSource – HikariPool-1 - Starting...
7033 [main] INFO  com.zaxxer.hikari.HikariDataSource – HikariPool-1 - Start completed.
7057 [main] INFO  org.hibernate.dialect.Dialect – HHH000400: Using dialect: org.hibernate.dialect.PostgreSQL95Dialect
9247 [main] INFO  o.h.e.t.j.p.i.JtaPlatformInitiator – HHH000490: Using JtaPlatform implementation: [org.hibernate.engine.transaction.jta.platform.internal.NoJtaPlatform]
9263 [main] INFO  o.s.o.j.LocalContainerEntityManagerFactoryBean – Initialized JPA EntityManagerFactory for persistence unit 'default'
9621 [main] WARN  o.s.b.a.o.j.JpaBaseConfiguration$JpaWebConfiguration – spring.jpa.open-in-view is enabled by default. Therefore, database queries may be performed during view rendering. Explicitly configure spring.jpa.open-in-view to disable this warning
10840 [main] INFO  o.s.s.w.DefaultSecurityFilterChain – Will secure any request with [org.springframework.security.web.context.request.async.WebAsyncManagerIntegrationFilter@66d44581, org.springframework.security.web.context.SecurityContextPersistenceFilter@17e6d07b, org.springframework.security.web.header.HeaderWriterFilter@1f013047, org.springframework.security.web.authentication.logout.LogoutFilter@1fa796a4, org.springframework.security.web.authentication.UsernamePasswordAuthenticationFilter@78829412, org.springframework.security.web.authentication.ui.DefaultLoginPageGeneratingFilter@6787bd41, org.springframework.security.web.authentication.ui.DefaultLogoutPageGeneratingFilter@1afa048a, org.springframework.security.web.savedrequest.RequestCacheAwareFilter@53564a4c, org.springframework.security.web.servletapi.SecurityContextHolderAwareRequestFilter@6cbb6c41, org.springframework.security.web.authentication.AnonymousAuthenticationFilter@293ecff6, org.springframework.security.web.session.SessionManagementFilter@51566ce0, org.springframework.security.web.access.ExceptionTranslationFilter@52963839, org.springframework.security.web.access.intercept.FilterSecurityInterceptor@632b96b8]
11152 [main] INFO  o.s.s.c.ThreadPoolTaskExecutor – Initializing ExecutorService 'applicationTaskExecutor'
11676 [main] INFO  o.a.coyote.http11.Http11NioProtocol – Starting ProtocolHandler ["http-nio-8080"]
11743 [main] INFO  o.s.b.w.e.tomcat.TomcatWebServer – Tomcat started on port(s): 8080 (http) with context path ''
11776 [main] INFO  o.s.s.a.ScheduledAnnotationBeanPostProcessor – No TaskScheduler/ScheduledExecutorService bean found for scheduled processing
11802 [main] INFO  com.bookstore.BookstoreApplication – Started BookstoreApplication in 10.598 seconds (JVM running for 13.269)
21213 [http-nio-8080-exec-2] INFO  o.a.c.c.C.[Tomcat].[localhost].[/] – Initializing Spring DispatcherServlet 'dispatcherServlet'
21221 [http-nio-8080-exec-2] INFO  o.s.web.servlet.DispatcherServlet – Initializing Servlet 'dispatcherServlet'
21221 [http-nio-8080-exec-2] INFO  o.s.web.servlet.DispatcherServlet – Completed initialization in 0 ms
154950 [http-nio-8080-exec-9] INFO  com.bookstore.service.AuthorService – *****Criteria API*****
154990 [http-nio-8080-exec-9] INFO  com.bookstore.service.AuthorService – -Authors by book name:
154998 [http-nio-8080-exec-9] INFO  com.bookstore.service.AuthorService – -Authors by first and last name:
204502 [http-nio-8080-exec-6] INFO  com.bookstore.service.AuthorService – *****Criteria API*****
204502 [http-nio-8080-exec-6] INFO  com.bookstore.service.AuthorService – -Authors by book name:
204510 [http-nio-8080-exec-6] INFO  com.bookstore.service.AuthorService – -Authors by first and last name:
